[01m[K/home/ctai/catkin_ws2/src/vision/src/polycolor.cpp:[m[K In member function â€˜[01m[Kstd::vector<std::vector<cv::Point_<int> > > polycolor::findcontours(cv::Mat, int, int, int)[m[Kâ€™:
[01m[K/home/ctai/catkin_ws2/src/vision/src/polycolor.cpp:166:2:[m[K [01;31m[Kerror: [m[Kâ€˜[01m[Kproc2[m[Kâ€™ is not a member of â€˜[01m[Kcv[m[Kâ€™
  cv::proc2=proc(ROI);
[01;32m[K  ^[m[K
[01m[K/home/ctai/catkin_ws2/src/vision/src/polycolor.cpp:170:19:[m[K [01;31m[Kerror: [m[Kâ€˜[01m[Kproc2[m[Kâ€™ was not declared in this scope
  cv::morphologyEx(proc2,edges,cv::MORPH_GRADIENT,cv::Mat()); //usar operacion gradiente para hallar bordes*/
[01;32m[K                   ^[m[K
make[2]: *** [CMakeFiles/image_converter.dir/src/polycolor.cpp.o] Error 1
make[1]: *** [CMakeFiles/image_converter.dir/all] Error 2
make: *** [all] Error 2
